# JRE version: OpenJDK Runtime Environment Temurin-17.0.6+10 (17.0.6+10) (build 17.0.6+10)
# Java VM: OpenJDK 64-Bit Server VM Temurin-17.0.6+10 (17.0.6+10, mixed mode, tiered, compressed oops, compressed class ptrs, g1 gc, windows-amd64)
GC Precious Log:
 CPUs: 4 total, 4 available
 Memory: 8107M
 Large Page Support: Disabled
 NUMA Support: Disabled
 Compressed Oops: Enabled (32-bit)
 Heap Region Size: 1M
 Heap Min Capacity: 8M
 Heap Initial Capacity: 128M
 Heap Max Capacity: 2028M
 Pre-touch: Disabled
 Parallel Workers: 4
 Concurrent Workers: 1
 Concurrent Refinement Workers: 4
 Periodic GC: Disabled
Heap:
 garbage-first heap   total 34816K, used 18827K [0x0000000081400000, 0x0000000100000000)
  region size 1024K, 10 young (10240K), 1 survivors (1024K)
 Metaspace       used 26825K, committed 27136K, reserved 1073152K
  class space    used 3167K, committed 3328K, reserved 1048576K
GC Heap History (12 events):
Event: 2.160 GC heap before
{Heap before GC invocations=0 (full 0):
 garbage-first heap   total 131072K, used 13312K [0x0000000081400000, 0x0000000100000000)
  region size 1024K, 13 young (13312K), 0 survivors (0K)
 Metaspace       used 9698K, committed 9856K, reserved 1064960K
  class space    used 972K, committed 1088K, reserved 1048576K
}
Event: 2.173 GC heap after
{Heap after GC invocations=1 (full 0):
 garbage-first heap   total 131072K, used 6012K [0x0000000081400000, 0x0000000100000000)
  region size 1024K, 2 young (2048K), 2 survivors (2048K)
 Metaspace       used 9698K, committed 9856K, reserved 1064960K
  class space    used 972K, committed 1088K, reserved 1048576K
}
Event: 3.078 GC heap before
{Heap before GC invocations=1 (full 0):
 garbage-first heap   total 131072K, used 15228K [0x0000000081400000, 0x0000000100000000)
  region size 1024K, 11 young (11264K), 2 survivors (2048K)
 Metaspace       used 13253K, committed 13440K, reserved 1064960K
  class space    used 1428K, committed 1472K, reserved 1048576K
}
Event: 3.083 GC heap after
{Heap after GC invocations=2 (full 0):
 garbage-first heap   total 131072K, used 7003K [0x0000000081400000, 0x0000000100000000)
  region size 1024K, 1 young (1024K), 1 survivors (1024K)
 Metaspace       used 13253K, committed 13440K, reserved 1064960K
  class space    used 1428K, committed 1472K, reserved 1048576K
}
Event: 6.598 GC heap before
{Heap before GC invocations=2 (full 0):
 garbage-first heap   total 131072K, used 33627K [0x0000000081400000, 0x0000000100000000)
  region size 1024K, 28 young (28672K), 1 survivors (1024K)
 Metaspace       used 20950K, committed 21120K, reserved 1073152K
  class space    used 2422K, committed 2496K, reserved 1048576K
}
Event: 6.604 GC heap after
{Heap after GC invocations=3 (full 0):
 garbage-first heap   total 131072K, used 8446K [0x0000000081400000, 0x0000000100000000)
  region size 1024K, 3 young (3072K), 3 survivors (3072K)
 Metaspace       used 20950K, committed 21120K, reserved 1073152K
  class space    used 2422K, committed 2496K, reserved 1048576K
}
Event: 7.018 GC heap before
{Heap before GC invocations=3 (full 0):
 garbage-first heap   total 131072K, used 9470K [0x0000000081400000, 0x0000000100000000)
  region size 1024K, 5 young (5120K), 3 survivors (3072K)
 Metaspace       used 21312K, committed 21504K, reserved 1073152K
  class space    used 2467K, committed 2560K, reserved 1048576K
}
Event: 7.023 GC heap after
{Heap after GC invocations=4 (full 0):
 garbage-first heap   total 131072K, used 8545K [0x0000000081400000, 0x0000000100000000)
  region size 1024K, 3 young (3072K), 3 survivors (3072K)
 Metaspace       used 21312K, committed 21504K, reserved 1073152K
  class space    used 2467K, committed 2560K, reserved 1048576K
}
Event: 9.044 GC heap before
{Heap before GC invocations=5 (full 0):
 garbage-first heap   total 34816K, used 25953K [0x0000000081400000, 0x0000000100000000)
  region size 1024K, 21 young (21504K), 3 survivors (3072K)
 Metaspace       used 23795K, committed 24000K, reserved 1073152K
  class space    used 2754K, committed 2880K, reserved 1048576K
}
Event: 9.055 GC heap after
{Heap after GC invocations=6 (full 0):
 garbage-first heap   total 34816K, used 10063K [0x0000000081400000, 0x0000000100000000)
  region size 1024K, 4 young (4096K), 4 survivors (4096K)
 Metaspace       used 23795K, committed 24000K, reserved 1073152K
  class space    used 2754K, committed 2880K, reserved 1048576K
}
Event: 11.345 GC heap before
{Heap before GC invocations=6 (full 0):
 garbage-first heap   total 34816K, used 23375K [0x0000000081400000, 0x0000000100000000)
  region size 1024K, 17 young (17408K), 4 survivors (4096K)
 Metaspace       used 25451K, committed 25728K, reserved 1073152K
  class space    used 2966K, committed 3072K, reserved 1048576K
}
Event: 11.358 GC heap after
{Heap after GC invocations=7 (full 0):
 garbage-first heap   total 34816K, used 10635K [0x0000000081400000, 0x0000000100000000)
  region size 1024K, 1 young (1024K), 1 survivors (1024K)
 Metaspace       used 25451K, committed 25728K, reserved 1073152K
  class space    used 2966K, committed 3072K, reserved 1048576K
}

